<?xml version="1.0" encoding="UTF-8" ?>
<testsuite tests="5" failures="0" name="TestSuite" time="49.886" errors="0" skipped="0">
  <properties>
    <property name="java.runtime.name" value="Java(TM) SE Runtime Environment"/>
    <property name="sun.boot.library.path" value="/usr/java/jdk1.8.0_191/jre/lib/amd64"/>
    <property name="java.vm.version" value="25.191-b12"/>
    <property name="java.vm.vendor" value="Oracle Corporation"/>
    <property name="java.vendor.url" value="http://java.oracle.com/"/>
    <property name="path.separator" value=":"/>
    <property name="java.vm.name" value="Java HotSpot(TM) 64-Bit Server VM"/>
    <property name="file.encoding.pkg" value="sun.io"/>
    <property name="user.country" value="IN"/>
    <property name="sun.java.launcher" value="SUN_STANDARD"/>
    <property name="sun.os.patch.level" value="unknown"/>
    <property name="size" value="5"/>
    <property name="java.vm.specification.name" value="Java Virtual Machine Specification"/>
    <property name="user.dir" value="/home/prabhatarya/workspace/hotstar_assignment"/>
    <property name="java.runtime.version" value="1.8.0_191-b12"/>
    <property name="java.awt.graphicsenv" value="sun.awt.X11GraphicsEnvironment"/>
    <property name="basedir" value="/home/prabhatarya/workspace/hotstar_assignment"/>
    <property name="java.endorsed.dirs" value="/usr/java/jdk1.8.0_191/jre/lib/endorsed"/>
    <property name="os.arch" value="amd64"/>
    <property name="surefire.real.class.path" value="/tmp/surefirebooter7889059548903904042.jar"/>
    <property name="java.io.tmpdir" value="/tmp"/>
    <property name="line.separator" value="
"/>
    <property name="java.vm.specification.vendor" value="Oracle Corporation"/>
    <property name="os.name" value="Linux"/>
    <property name="sun.jnu.encoding" value="UTF-8"/>
    <property name="java.library.path" value="/usr/java/packages/lib/amd64:/usr/lib64:/lib64:/lib:/usr/lib"/>
    <property name="surefire.test.class.path" value="/home/prabhatarya/workspace/hotstar_assignment/target/test-classes:/home/prabhatarya/workspace/hotstar_assignment/target/classes:/home/prabhatarya/.m2/repository/org/seleniumhq/selenium/selenium-java/3.14.0/selenium-java-3.14.0.jar:/home/prabhatarya/.m2/repository/org/seleniumhq/selenium/selenium-api/3.14.0/selenium-api-3.14.0.jar:/home/prabhatarya/.m2/repository/org/seleniumhq/selenium/selenium-chrome-driver/3.14.0/selenium-chrome-driver-3.14.0.jar:/home/prabhatarya/.m2/repository/org/seleniumhq/selenium/selenium-edge-driver/3.14.0/selenium-edge-driver-3.14.0.jar:/home/prabhatarya/.m2/repository/org/seleniumhq/selenium/selenium-firefox-driver/3.14.0/selenium-firefox-driver-3.14.0.jar:/home/prabhatarya/.m2/repository/org/seleniumhq/selenium/selenium-ie-driver/3.14.0/selenium-ie-driver-3.14.0.jar:/home/prabhatarya/.m2/repository/org/seleniumhq/selenium/selenium-opera-driver/3.14.0/selenium-opera-driver-3.14.0.jar:/home/prabhatarya/.m2/repository/org/seleniumhq/selenium/selenium-remote-driver/3.14.0/selenium-remote-driver-3.14.0.jar:/home/prabhatarya/.m2/repository/org/seleniumhq/selenium/selenium-safari-driver/3.14.0/selenium-safari-driver-3.14.0.jar:/home/prabhatarya/.m2/repository/org/seleniumhq/selenium/selenium-support/3.14.0/selenium-support-3.14.0.jar:/home/prabhatarya/.m2/repository/net/bytebuddy/byte-buddy/1.8.15/byte-buddy-1.8.15.jar:/home/prabhatarya/.m2/repository/org/apache/commons/commons-exec/1.3/commons-exec-1.3.jar:/home/prabhatarya/.m2/repository/commons-codec/commons-codec/1.10/commons-codec-1.10.jar:/home/prabhatarya/.m2/repository/commons-logging/commons-logging/1.2/commons-logging-1.2.jar:/home/prabhatarya/.m2/repository/com/google/guava/guava/25.0-jre/guava-25.0-jre.jar:/home/prabhatarya/.m2/repository/com/google/code/findbugs/jsr305/1.3.9/jsr305-1.3.9.jar:/home/prabhatarya/.m2/repository/org/checkerframework/checker-compat-qual/2.0.0/checker-compat-qual-2.0.0.jar:/home/prabhatarya/.m2/repository/com/google/errorprone/error_prone_annotations/2.1.3/error_prone_annotations-2.1.3.jar:/home/prabhatarya/.m2/repository/com/google/j2objc/j2objc-annotations/1.1/j2objc-annotations-1.1.jar:/home/prabhatarya/.m2/repository/org/codehaus/mojo/animal-sniffer-annotations/1.14/animal-sniffer-annotations-1.14.jar:/home/prabhatarya/.m2/repository/org/apache/httpcomponents/httpclient/4.5.5/httpclient-4.5.5.jar:/home/prabhatarya/.m2/repository/org/apache/httpcomponents/httpcore/4.4.9/httpcore-4.4.9.jar:/home/prabhatarya/.m2/repository/com/squareup/okhttp3/okhttp/3.10.0/okhttp-3.10.0.jar:/home/prabhatarya/.m2/repository/com/squareup/okio/okio/1.14.1/okio-1.14.1.jar:/home/prabhatarya/.m2/repository/org/testng/testng/6.14.3/testng-6.14.3.jar:/home/prabhatarya/.m2/repository/com/beust/jcommander/1.72/jcommander-1.72.jar:/home/prabhatarya/.m2/repository/org/apache-extras/beanshell/bsh/2.0b6/bsh-2.0b6.jar:"/>
    <property name="java.specification.name" value="Java Platform API Specification"/>
    <property name="java.class.version" value="52.0"/>
    <property name="sun.management.compiler" value="HotSpot 64-Bit Tiered Compilers"/>
    <property name="os.version" value="4.15.0-51-generic"/>
    <property name="user.home" value="/home/prabhatarya"/>
    <property name="user.timezone" value="Asia/Kolkata"/>
    <property name="java.awt.printerjob" value="sun.print.PSPrinterJob"/>
    <property name="java.specification.version" value="1.8"/>
    <property name="file.encoding" value="UTF-8"/>
    <property name="password" value="prabhat@123"/>
    <property name="user.name" value="prabhatarya"/>
    <property name="java.class.path" value="/home/prabhatarya/workspace/hotstar_assignment/target/test-classes:/home/prabhatarya/workspace/hotstar_assignment/target/classes:/home/prabhatarya/.m2/repository/org/seleniumhq/selenium/selenium-java/3.14.0/selenium-java-3.14.0.jar:/home/prabhatarya/.m2/repository/org/seleniumhq/selenium/selenium-api/3.14.0/selenium-api-3.14.0.jar:/home/prabhatarya/.m2/repository/org/seleniumhq/selenium/selenium-chrome-driver/3.14.0/selenium-chrome-driver-3.14.0.jar:/home/prabhatarya/.m2/repository/org/seleniumhq/selenium/selenium-edge-driver/3.14.0/selenium-edge-driver-3.14.0.jar:/home/prabhatarya/.m2/repository/org/seleniumhq/selenium/selenium-firefox-driver/3.14.0/selenium-firefox-driver-3.14.0.jar:/home/prabhatarya/.m2/repository/org/seleniumhq/selenium/selenium-ie-driver/3.14.0/selenium-ie-driver-3.14.0.jar:/home/prabhatarya/.m2/repository/org/seleniumhq/selenium/selenium-opera-driver/3.14.0/selenium-opera-driver-3.14.0.jar:/home/prabhatarya/.m2/repository/org/seleniumhq/selenium/selenium-remote-driver/3.14.0/selenium-remote-driver-3.14.0.jar:/home/prabhatarya/.m2/repository/org/seleniumhq/selenium/selenium-safari-driver/3.14.0/selenium-safari-driver-3.14.0.jar:/home/prabhatarya/.m2/repository/org/seleniumhq/selenium/selenium-support/3.14.0/selenium-support-3.14.0.jar:/home/prabhatarya/.m2/repository/net/bytebuddy/byte-buddy/1.8.15/byte-buddy-1.8.15.jar:/home/prabhatarya/.m2/repository/org/apache/commons/commons-exec/1.3/commons-exec-1.3.jar:/home/prabhatarya/.m2/repository/commons-codec/commons-codec/1.10/commons-codec-1.10.jar:/home/prabhatarya/.m2/repository/commons-logging/commons-logging/1.2/commons-logging-1.2.jar:/home/prabhatarya/.m2/repository/com/google/guava/guava/25.0-jre/guava-25.0-jre.jar:/home/prabhatarya/.m2/repository/com/google/code/findbugs/jsr305/1.3.9/jsr305-1.3.9.jar:/home/prabhatarya/.m2/repository/org/checkerframework/checker-compat-qual/2.0.0/checker-compat-qual-2.0.0.jar:/home/prabhatarya/.m2/repository/com/google/errorprone/error_prone_annotations/2.1.3/error_prone_annotations-2.1.3.jar:/home/prabhatarya/.m2/repository/com/google/j2objc/j2objc-annotations/1.1/j2objc-annotations-1.1.jar:/home/prabhatarya/.m2/repository/org/codehaus/mojo/animal-sniffer-annotations/1.14/animal-sniffer-annotations-1.14.jar:/home/prabhatarya/.m2/repository/org/apache/httpcomponents/httpclient/4.5.5/httpclient-4.5.5.jar:/home/prabhatarya/.m2/repository/org/apache/httpcomponents/httpcore/4.4.9/httpcore-4.4.9.jar:/home/prabhatarya/.m2/repository/com/squareup/okhttp3/okhttp/3.10.0/okhttp-3.10.0.jar:/home/prabhatarya/.m2/repository/com/squareup/okio/okio/1.14.1/okio-1.14.1.jar:/home/prabhatarya/.m2/repository/org/testng/testng/6.14.3/testng-6.14.3.jar:/home/prabhatarya/.m2/repository/com/beust/jcommander/1.72/jcommander-1.72.jar:/home/prabhatarya/.m2/repository/org/apache-extras/beanshell/bsh/2.0b6/bsh-2.0b6.jar:"/>
    <property name="username" value="prabhat.arya8@gmail.com"/>
    <property name="java.vm.specification.version" value="1.8"/>
    <property name="sun.arch.data.model" value="64"/>
    <property name="java.home" value="/usr/java/jdk1.8.0_191/jre"/>
    <property name="sun.java.command" value="/tmp/surefirebooter7889059548903904042.jar /tmp/surefire6421080795379031217tmp /tmp/surefire754429475838461441tmp"/>
    <property name="java.specification.vendor" value="Oracle Corporation"/>
    <property name="user.language" value="en"/>
    <property name="awt.toolkit" value="sun.awt.X11.XToolkit"/>
    <property name="java.vm.info" value="mixed mode"/>
    <property name="java.version" value="1.8.0_191"/>
    <property name="buildDirectory" value="/home/prabhatarya/workspace/hotstar_assignment/target"/>
    <property name="java.ext.dirs" value="/usr/java/jdk1.8.0_191/jre/lib/ext:/usr/java/packages/lib/ext"/>
    <property name="sun.boot.class.path" value="/usr/java/jdk1.8.0_191/jre/lib/resources.jar:/usr/java/jdk1.8.0_191/jre/lib/rt.jar:/usr/java/jdk1.8.0_191/jre/lib/sunrsasign.jar:/usr/java/jdk1.8.0_191/jre/lib/jsse.jar:/usr/java/jdk1.8.0_191/jre/lib/jce.jar:/usr/java/jdk1.8.0_191/jre/lib/charsets.jar:/usr/java/jdk1.8.0_191/jre/lib/jfr.jar:/usr/java/jdk1.8.0_191/jre/classes"/>
    <property name="webdriver.chrome.driver" value="src/main/resources/drivers/chromedriver"/>
    <property name="java.vendor" value="Oracle Corporation"/>
    <property name="localRepository" value="/home/prabhatarya/.m2/repository"/>
    <property name="file.separator" value="/"/>
    <property name="java.vendor.url.bug" value="http://bugreport.sun.com/bugreport/"/>
    <property name="sun.cpu.endian" value="little"/>
    <property name="sun.io.unicode.encoding" value="UnicodeLittle"/>
    <property name="sun.desktop" value="gnome"/>
    <property name="sun.cpu.isalist" value=""/>
  </properties>
  <testcase classname="TestCase" name="trayTitle" time="21.838"/>
  <testcase classname="TestCase" name="login" time="3.192"/>
  <testcase classname="TestCase" name="HomePageValidityOnLogin" time="3.999"/>
  <testcase classname="TestCase" name="loginTray" time="20.702"/>
  <testcase classname="TestCase" name="comparision" time="0.001"/>
</testsuite>