<?xml version="1.0" encoding="UTF-8"?>
<!-- Generated by org.testng.reporters.JUnitReportReporter -->
<testsuite skipped="0" hostname="xe-t-prabhata" name="TestCase" tests="5" failures="0" timestamp="20 Jun 2019 11:31:33 GMT" time="49.732" errors="0">
  <testcase name="trayTitle" time="21.837" classname="TestCase"/>
  <testcase name="login" time="3.193" classname="TestCase"/>
  <testcase name="HomePageValidityOnLogin" time="3.999" classname="TestCase"/>
  <testcase name="loginTray" time="20.702" classname="TestCase"/>
  <testcase name="comparision" time="0.001" classname="TestCase"/>
</testsuite> <!-- TestCase -->
